<?xml version="1.0" encoding="utf-8"?><testsuites name="pytest tests"><testsuite name="pytest" errors="0" failures="0" skipped="0" tests="198" time="20.015" timestamp="2026-01-23T11:39:26.798616+00:00" hostname="runnervmymu0l"><testcase classname="test.unittest.analyzer.test_license_analyzer" name="test_abstract_method" time="0.001" /><testcase classname="test.unittest.analyzer.test_license_analyzer" name="test_calculate_license_compatibility_same_licenses" time="4.881" /><testcase classname="test.unittest.analyzer.test_license_analyzer" name="test_calculate_license_compatibility_compatible" time="5.185" /><testcase classname="test.unittest.analyzer.test_license_analyzer" name="test_calculate_license_compatibility_incompatible" time="4.196" /><testcase classname="test.unittest.analyzer.test_license_analyzer" name="test_analyzer_builds" time="0.001" /><testcase classname="test.unittest.analyzer.test_license_analyzer" name="test_init_custom_path" time="0.000" /><testcase classname="test.unittest.analyzer.test_license_analyzer" name="test_init_custom_strategy" time="0.000" /><testcase classname="test.unittest.analyzer.test_license_analyzer" name="test_compat_calc_strategy_property" time="0.001" /><testcase classname="test.unittest.analyzer.test_license_analyzer" name="test_last_comparison_result_property" time="0.001" /><testcase classname="test.unittest.analyzer.test_license_analyzer" name="test_license_matrix_property_getter_empty" time="4.567" /><testcase classname="test.unittest.analyzer.test_license_analyzer" name="test_license_matrix_property_getter_empty_offline" time="0.001" /><testcase classname="test.unittest.analyzer.test_license_analyzer" name="test_license_matrix_property_getter_cached" time="0.001" /><testcase classname="test.unittest.analyzer.test_license_analyzer" name="test_license_matrix_property_setter" time="0.001" /><testcase classname="test.unittest.analyzer.test_license_analyzer" name="test_matrix_file_present_true" time="0.001" /><testcase classname="test.unittest.analyzer.test_license_analyzer" name="test_matrix_file_present_false" time="0.001" /><testcase classname="test.unittest.analyzer.test_license_comparator.TestLicenseComparatorCompareTrees" name="test_init_and_process" time="0.001" /><testcase classname="test.unittest.analyzer.test_license_comparator.TestLicenseComparatorCompareTrees" name="test_compare_license_trees_match" time="0.001" /><testcase classname="test.unittest.analyzer.test_license_comparator.TestLicenseComparatorCompareTrees" name="test_compare_license_trees_mismatch" time="0.001" /><testcase classname="test.unittest.analyzer.test_license_comparator.TestLicenseComparatorCompareTrees" name="test_compare_license_trees_multiple_match" time="0.001" /><testcase classname="test.unittest.analyzer.test_license_comparator.TestLicenseComparatorCompareTrees" name="test_compare_license_trees_missing_in_scan" time="0.001" /><testcase classname="test.unittest.analyzer.test_license_comparator.TestLicenseComparatorCompareTrees" name="test_compare_license_trees_single_unknown" time="0.001" /><testcase classname="test.unittest.analyzer.test_license_name_normalizer.TestLicenseNameNormalizerNormalize" name="test_normalize_known_licenses" time="0.000" /><testcase classname="test.unittest.analyzer.test_license_name_normalizer.TestLicenseNameNormalizerNormalize" name="test_normalize_case_insensitive" time="0.000" /><testcase classname="test.unittest.analyzer.test_license_name_normalizer.TestLicenseNameNormalizerNormalize" name="test_normalize_unknown_license" time="0.000" /><testcase classname="test.unittest.analyzer.test_license_name_normalizer.TestLicenseNameNormalizerNormalize" name="test_normalize_none_input" time="0.000" /><testcase classname="test.unittest.analyzer.test_package_metadata_fetcher.TestPackageMetadataFetcherParse" name="test_parse_requirements_file_success" time="0.007" /><testcase classname="test.unittest.analyzer.test_package_metadata_fetcher.TestPackageMetadataFetcherBuild" name="test_build_package_metadata_flow" time="0.015" /><testcase classname="test.unittest.analyzer.test_package_metadata_fetcher.TestPackageMetadataFetcherBuild" name="test_get_package_metadata_found" time="0.002" /><testcase classname="test.unittest.analyzer.test_package_metadata_fetcher.TestPackageMetadataFetcherBuild" name="test_get_package_metadata_not_found" time="0.002" /><testcase classname="test.unittest.analyzer.test_tree_license_analyzer.TestTreeAnalyzer" name="test_run_tree_compatibility_check_empty_metadata" time="0.001" /><testcase classname="test.unittest.analyzer.test_tree_license_analyzer.TestTreeAnalyzer" name="test_run_tree_compatibility_check_empty_graph" time="0.001" /><testcase classname="test.unittest.analyzer.test_tree_license_analyzer.TestTreeAnalyzer" name="test_detect_incompatible_edges_compatible" time="0.001" /><testcase classname="test.unittest.analyzer.test_tree_license_analyzer.TestTreeAnalyzer" name="test_detect_incompatible_edges_incompatible" time="0.001" /><testcase classname="test.unittest.analyzer.test_tree_license_analyzer.TestTreeAnalyzer" name="test_run_tree_compatibility_check_integration_mock" time="0.002" /><testcase classname="test.unittest.entities.test_pypi_metadata" name="test_init_valid_data" time="0.001" /><testcase classname="test.unittest.entities.test_pypi_metadata" name="test_init_empty_package_raises" time="0.000" /><testcase classname="test.unittest.entities.test_pypi_metadata" name="test_set_valid_package" time="0.000" /><testcase classname="test.unittest.entities.test_pypi_metadata" name="test_set_empty_package_raises" time="0.000" /><testcase classname="test.unittest.entities.test_pypi_metadata" name="test_set_license_type" time="0.000" /><testcase classname="test.unittest.entities.test_pypi_metadata" name="test_set_license_type_none" time="0.000" /><testcase classname="test.unittest.entities.test_pypi_metadata" name="test_set_link" time="0.000" /><testcase classname="test.unittest.entities.test_pypi_metadata" name="test_set_link_none" time="0.000" /><testcase classname="test.unittest.entities.test_pypi_metadata" name="test_repr_contains_fields" time="0.000" /><testcase classname="test.unittest.entities.test_scan_engine" name="test_protocol_cannot_be_instantiated" time="0.000" /><testcase classname="test.unittest.entities.test_scan_engine" name="test_run_scan_not_implemented" time="0.000" /><testcase classname="test.unittest.entities.test_scan_engine" name="test_scan_for_license_not_implemented" time="0.000" /><testcase classname="test.unittest.entities.test_scan_engine" name="test_valid_concrete_implementation" time="0.000" /><testcase classname="test.unittest.entities.test_scan_engine" name="test_incomplete_implementation_fails" time="0.000" /><testcase classname="test.unittest.infrastructure.test_connectivity.TestConnectivityCheckFileExists" name="test_check_file_exists_valid_file" time="0.001" /><testcase classname="test.unittest.infrastructure.test_connectivity.TestConnectivityCheckFileExists" name="test_check_file_exists_nonexistent_file" time="0.001" /><testcase classname="test.unittest.infrastructure.test_connectivity.TestConnectivityCheckFileExists" name="test_check_file_exists_permission_error" time="0.001" /><testcase classname="test.unittest.infrastructure.test_connectivity.TestConnectivityCheckFileExists" name="test_check_file_exists_io_error" time="0.001" /><testcase classname="test.unittest.infrastructure.test_connectivity.TestConnectivitySafeWrite" name="test_safe_write_success" time="0.001" /><testcase classname="test.unittest.infrastructure.test_connectivity.TestConnectivitySafeWrite" name="test_safe_write_creates_new_file" time="0.001" /><testcase classname="test.unittest.infrastructure.test_connectivity.TestConnectivitySafeWrite" name="test_safe_write_io_error" time="0.001" /><testcase classname="test.unittest.infrastructure.test_connectivity.TestConnectivitySafeWrite" name="test_safe_write_overwrites_existing" time="0.001" /><testcase classname="test.unittest.infrastructure.test_connectivity.TestConnectivitySafeRead" name="test_safe_read_success" time="0.000" /><testcase classname="test.unittest.infrastructure.test_connectivity.TestConnectivitySafeRead" name="test_safe_read_nonexistent_file" time="0.001" /><testcase classname="test.unittest.infrastructure.test_connectivity.TestConnectivitySafeRead" name="test_safe_read_io_error" time="0.002" /><testcase classname="test.unittest.infrastructure.test_connectivity.TestConnectivitySafeRead" name="test_safe_read_attribute_error" time="0.001" /><testcase classname="test.unittest.infrastructure.test_connectivity.TestConnectivityVerifyInternetAccess" name="test_verify_internet_access_success" time="0.001" /><testcase classname="test.unittest.infrastructure.test_connectivity.TestConnectivityVerifyInternetAccess" name="test_verify_internet_access_http_error" time="0.001" /><testcase classname="test.unittest.infrastructure.test_connectivity.TestConnectivityVerifyInternetAccess" name="test_verify_internet_access_connection_error" time="0.001" /><testcase classname="test.unittest.infrastructure.test_connectivity.TestConnectivityVerifyInternetAccess" name="test_verify_internet_access_timeout" time="0.001" /><testcase classname="test.unittest.infrastructure.test_connectivity.TestConnectivityVerifyInternetAccess" name="test_verify_internet_access_custom_host" time="0.001" /><testcase classname="test.unittest.infrastructure.test_connectivity.TestConnectivityDownloadFile" name="test_download_file_success" time="0.059" /><testcase classname="test.unittest.infrastructure.test_connectivity.TestConnectivityDownloadFile" name="test_download_file_no_internet" time="0.085" /><testcase classname="test.unittest.infrastructure.test_connectivity.TestConnectivityDownloadFile" name="test_download_file_timeout" time="0.054" /><testcase classname="test.unittest.infrastructure.test_connectivity.TestConnectivityDownloadFile" name="test_download_file_too_large" time="0.062" /><testcase classname="test.unittest.infrastructure.test_connectivity.TestConnectivityDownloadFile" name="test_download_file_http_error" time="0.053" /><testcase classname="test.unittest.infrastructure.test_connectivity.TestConnectivityDownloadFile" name="test_download_file_custom_timeout" time="0.061" /><testcase classname="test.unittest.infrastructure.test_connectivity.TestConnectivityExtractZipContents" name="test_extract_zip_contents_success" time="0.002" /><testcase classname="test.unittest.infrastructure.test_connectivity.TestConnectivityExtractZipContents" name="test_extract_zip_contents_nonexistent_file" time="0.001" /><testcase classname="test.unittest.infrastructure.test_connectivity.TestConnectivityExtractZipContents" name="test_extract_zip_contents_corrupt_zip" time="0.001" /><testcase classname="test.unittest.infrastructure.test_connectivity.TestConnectivityExtractZipContents" name="test_extract_zip_contents_creates_directory" time="0.001" /><testcase classname="test.unittest.infrastructure.test_connectivity.TestConnectivityExtractZipContents" name="test_extract_zip_contents_io_error" time="0.001" /><testcase classname="test.unittest.infrastructure.test_dep_tree_builder.TestDepTreeBuilderVenvExists" name="test_venv_exists_returns_true_for_existing_venv" time="0.001" /><testcase classname="test.unittest.infrastructure.test_dep_tree_builder.TestDepTreeBuilderVenvExists" name="test_venv_exists_returns_false_for_nonexistent_venv" time="0.001" /><testcase classname="test.unittest.infrastructure.test_dep_tree_builder.TestDepTreeBuilderVenvExists" name="test_venv_exists_returns_false_for_file" time="0.001" /><testcase classname="test.unittest.infrastructure.test_dep_tree_builder.TestDepTreeBuilderVenvExists" name="test_venv_exists_custom_path" time="0.000" /><testcase classname="test.unittest.infrastructure.test_dep_tree_builder.TestDepTreeBuilderCreateVenv" name="test_create_venv_success" time="0.001" /><testcase classname="test.unittest.infrastructure.test_dep_tree_builder.TestDepTreeBuilderCreateVenv" name="test_create_venv_raises_on_failure" time="0.001" /><testcase classname="test.unittest.infrastructure.test_dep_tree_builder.TestDepTreeBuilderCreateVenv" name="test_create_venv_existing_venv" time="0.001" /><testcase classname="test.unittest.infrastructure.test_dep_tree_builder.TestDepTreeBuilderCreateVenv" name="test_create_venv_force_recreate" time="0.001" /><testcase classname="test.unittest.infrastructure.test_dep_tree_builder.TestDepTreeBuilderCreateVenv" name="test_create_venv_returns_correct_bin_path" time="0.001" /><testcase classname="test.unittest.infrastructure.test_dep_tree_builder.TestDepTreeBuilderDeleteVenv" name="test_delete_venv_success" time="0.001" /><testcase classname="test.unittest.infrastructure.test_dep_tree_builder.TestDepTreeBuilderDeleteVenv" name="test_delete_venv_nonexistent" time="0.000" /><testcase classname="test.unittest.infrastructure.test_dep_tree_builder.TestDepTreeBuilderDeleteVenv" name="test_delete_venv_raises_on_os_error" time="0.002" /><testcase classname="test.unittest.infrastructure.test_dep_tree_builder.TestDepTreeBuilderInstallPackages" name="test_install_packages_success" time="0.001" /><testcase classname="test.unittest.infrastructure.test_dep_tree_builder.TestDepTreeBuilderInstallPackages" name="test_install_packages_multiple" time="0.001" /><testcase classname="test.unittest.infrastructure.test_dep_tree_builder.TestDepTreeBuilderInstallPackages" name="test_install_packages_raises_on_failure" time="0.001" /><testcase classname="test.unittest.infrastructure.test_dep_tree_builder.TestDepTreeBuilderInstallPackages" name="test_install_packages_includes_pipdeptree" time="0.001" /><testcase classname="test.unittest.infrastructure.test_dep_tree_builder.TestDepTreeBuilderGetTreeJson" name="test_get_tree_json_success" time="0.001" /><testcase classname="test.unittest.infrastructure.test_dep_tree_builder.TestDepTreeBuilderGetTreeJson" name="test_get_tree_json_raises_on_subprocess_error" time="0.001" /><testcase classname="test.unittest.infrastructure.test_dep_tree_builder.TestDepTreeBuilderGetTreeJson" name="test_get_tree_json_raises_on_invalid_json" time="0.001" /><testcase classname="test.unittest.infrastructure.test_dep_tree_builder.TestDepTreeBuilderBuildMap" name="test_build_map_simple_tree" time="0.000" /><testcase classname="test.unittest.infrastructure.test_dep_tree_builder.TestDepTreeBuilderBuildMap" name="test_build_map_complex_tree" time="0.000" /><testcase classname="test.unittest.infrastructure.test_dep_tree_builder.TestDepTreeBuilderBuildMap" name="test_build_map_empty_tree" time="0.000" /><testcase classname="test.unittest.infrastructure.test_dep_tree_builder.TestDepTreeBuilderBuildMap" name="test_build_map_removes_pipdeptree" time="0.000" /><testcase classname="test.unittest.infrastructure.test_dep_tree_builder.TestDepTreeBuilderHasCycles" name="test_has_cycles_no_cycles" time="0.000" /><testcase classname="test.unittest.infrastructure.test_dep_tree_builder.TestDepTreeBuilderHasCycles" name="test_has_cycles_simple_cycle" time="0.000" /><testcase classname="test.unittest.infrastructure.test_dep_tree_builder.TestDepTreeBuilderHasCycles" name="test_has_cycles_self_loop" time="0.000" /><testcase classname="test.unittest.infrastructure.test_dep_tree_builder.TestDepTreeBuilderHasCycles" name="test_has_cycles_empty_graph" time="0.000" /><testcase classname="test.unittest.infrastructure.test_dep_tree_builder.TestDepTreeBuilderHasCycles" name="test_has_cycles_complex_cycle" time="0.000" /><testcase classname="test.unittest.infrastructure.test_dep_tree_builder.TestDepTreeBuilderFindRoots" name="test_find_roots_single_root" time="0.000" /><testcase classname="test.unittest.infrastructure.test_dep_tree_builder.TestDepTreeBuilderFindRoots" name="test_find_roots_multiple_roots" time="0.000" /><testcase classname="test.unittest.infrastructure.test_dep_tree_builder.TestDepTreeBuilderFindRoots" name="test_find_roots_empty_graph" time="0.000" /><testcase classname="test.unittest.infrastructure.test_dep_tree_builder.TestDepTreeBuilderFindRoots" name="test_find_roots_all_independent" time="0.000" /><testcase classname="test.unittest.infrastructure.test_dep_tree_builder.TestDepTreeBuilderPrintSubtree" name="test_print_subtree_simple" time="0.000" /><testcase classname="test.unittest.infrastructure.test_dep_tree_builder.TestDepTreeBuilderPrintSubtree" name="test_print_subtree_with_cycles" time="0.000" /><testcase classname="test.unittest.infrastructure.test_dep_tree_builder.TestDepTreeBuilderPrintSubtree" name="test_print_subtree_leaf_node" time="0.000" /><testcase classname="test.unittest.infrastructure.test_dep_tree_builder.TestDepTreeBuilderPrintFullTree" name="test_print_full_tree" time="0.000" /><testcase classname="test.unittest.infrastructure.test_dep_tree_builder.TestDepTreeBuilderPrintFullTree" name="test_print_full_tree_empty" time="0.000" /><testcase classname="test.unittest.infrastructure.test_logger_formatter.TestLoggerFormatterClass" name="test_formatter_builds" time="0.000" /><testcase classname="test.unittest.infrastructure.test_logger_formatter.TestLoggerFormatterClass" name="test_formatter_builds_custom_level" time="0.000" /><testcase classname="test.unittest.infrastructure.test_logger_formatter" name="test_formatter_not_builds_wrong_level" time="0.000" /><testcase classname="test.unittest.infrastructure.test_logger_formatter" name="test_formatter_not_builds_wrong_name" time="0.000" /><testcase classname="test.unittest.infrastructure.test_logger_formatter" name="test_format_debug_color" time="0.000" /><testcase classname="test.unittest.infrastructure.test_logger_formatter" name="test_format_error_color" time="0.000" /><testcase classname="test.unittest.infrastructure.test_logger_formatter" name="test_logger_has_handler" time="0.000" /><testcase classname="test.unittest.infrastructure.test_pypi_client.TestPyPiHandlerGetSourceLinks" name="test_get_source_links_single_package" time="0.001" /><testcase classname="test.unittest.infrastructure.test_pypi_client.TestPyPiHandlerGetSourceLinks" name="test_get_source_links_multiple_packages" time="0.002" /><testcase classname="test.unittest.infrastructure.test_pypi_client.TestPyPiHandlerGetSourceLinks" name="test_get_source_links_empty_list" time="0.002" /><testcase classname="test.unittest.infrastructure.test_pypi_client.TestPyPiHandlerGetSourceLinks" name="test_get_source_links_custom_timeout" time="0.001" /><testcase classname="test.unittest.infrastructure.test_pypi_client.TestPyPiHandlerGetSourceLinks" name="test_get_source_links_runtime_error_fallback" time="0.003" /><testcase classname="test.unittest.infrastructure.test_pypi_client.TestPyPiHandlerProcessSinglePackage" name="test_process_single_package_valid" time="0.001" /><testcase classname="test.unittest.infrastructure.test_pypi_client.TestPyPiHandlerProcessSinglePackage" name="test_process_single_package_invalid_name" time="0.000" /><testcase classname="test.unittest.infrastructure.test_pypi_client.TestPyPiHandlerProcessSinglePackage" name="test_process_single_package_fetch_fails" time="0.001" /><testcase classname="test.unittest.infrastructure.test_pypi_client.TestPyPiHandlerProcessSinglePackage" name="test_process_single_package_no_project_urls" time="0.001" /><testcase classname="test.unittest.infrastructure.test_pypi_client.TestPyPiHandlerProcessSinglePackage" name="test_process_single_package_extracts_source_code_link" time="0.001" /><testcase classname="test.unittest.infrastructure.test_pypi_client.TestPyPiHandlerProcessSinglePackage" name="test_process_single_package_non_string_input" time="0.000" /><testcase classname="test.unittest.infrastructure.test_pypi_client.TestPyPiHandlerExtractLicense" name="test_extract_license_from_classifiers" time="0.000" /><testcase classname="test.unittest.infrastructure.test_pypi_client.TestPyPiHandlerExtractLicense" name="test_extract_license_from_license_field" time="0.000" /><testcase classname="test.unittest.infrastructure.test_pypi_client.TestPyPiHandlerExtractLicense" name="test_extract_license_from_license_expression" time="0.000" /><testcase classname="test.unittest.infrastructure.test_pypi_client.TestPyPiHandlerExtractLicense" name="test_extract_license_classifier_priority" time="0.000" /><testcase classname="test.unittest.infrastructure.test_pypi_client.TestPyPiHandlerExtractLicense" name="test_extract_license_unknown" time="0.000" /><testcase classname="test.unittest.infrastructure.test_pypi_client.TestPyPiHandlerExtractLicense" name="test_extract_license_empty_fields" time="0.000" /><testcase classname="test.unittest.infrastructure.test_pypi_client.TestPyPiHandlerExtractLicense" name="test_extract_license_missing_fields" time="0.000" /><testcase classname="test.unittest.infrastructure.test_pypi_client.TestPyPiHandlerFetchPackageJson" name="test_fetch_package_json_success" time="0.001" /><testcase classname="test.unittest.infrastructure.test_pypi_client.TestPyPiHandlerFetchPackageJson" name="test_fetch_package_json_http_error" time="0.001" /><testcase classname="test.unittest.infrastructure.test_pypi_client.TestPyPiHandlerFetchPackageJson" name="test_fetch_package_json_connection_error" time="0.001" /><testcase classname="test.unittest.infrastructure.test_pypi_client.TestPyPiHandlerFetchPackageJson" name="test_fetch_package_json_timeout" time="0.001" /><testcase classname="test.unittest.infrastructure.test_pypi_client.TestPyPiHandlerFetchPackageJson" name="test_fetch_package_json_invalid_json" time="0.001" /><testcase classname="test.unittest.infrastructure.test_pypi_client.TestPyPiHandlerFetchPackageJson" name="test_fetch_package_json_custom_timeout" time="0.001" /><testcase classname="test.unittest.infrastructure.test_pypi_client.TestPyPiHandlerFetchPackageJson" name="test_fetch_package_json_url_format" time="0.001" /><testcase classname="test.unittest.infrastructure.test_pypi_client.TestPyPiHandlerIntegration" name="test_end_to_end_license_and_link_extraction" time="0.001" /><testcase classname="test.unittest.infrastructure.test_pypi_client.TestPyPiHandlerIntegration" name="test_multiple_package_names_validation" time="0.114" /><testcase classname="test.unittest.infrastructure.test_pypi_client.TestPyPiHandlerIntegration" name="test_project_urls_extraction_priority" time="0.001" /><testcase classname="test.unittest.infrastructure.test_repo_downloader.TestRepoDownloaderInit" name="test_init_default_values" time="0.000" /><testcase classname="test.unittest.infrastructure.test_repo_downloader.TestRepoDownloaderInit" name="test_init_custom_values" time="0.000" /><testcase classname="test.unittest.infrastructure.test_repo_downloader.TestRepoDownloaderInit" name="test_init_creates_executor" time="0.000" /><testcase classname="test.unittest.infrastructure.test_repo_downloader.TestRepoDownloaderDownloadRepo" name="test_download_repo_single_success" time="0.001" /><testcase classname="test.unittest.infrastructure.test_repo_downloader.TestRepoDownloaderDownloadRepo" name="test_download_repo_single_failure" time="0.001" /><testcase classname="test.unittest.infrastructure.test_repo_downloader.TestRepoDownloaderDownloadRepo" name="test_download_repo_delegates_to_batch" time="0.001" /><testcase classname="test.unittest.infrastructure.test_repo_downloader.TestRepoDownloaderDownloadRepos" name="test_download_repos_empty_dict" time="0.001" /><testcase classname="test.unittest.infrastructure.test_repo_downloader.TestRepoDownloaderDownloadRepos" name="test_download_repos_single_github" time="0.002" /><testcase classname="test.unittest.infrastructure.test_repo_downloader.TestRepoDownloaderDownloadRepos" name="test_download_repos_single_gitlab" time="0.002" /><testcase classname="test.unittest.infrastructure.test_repo_downloader.TestRepoDownloaderDownloadRepos" name="test_download_repos_invalid_url" time="0.001" /><testcase classname="test.unittest.infrastructure.test_repo_downloader.TestRepoDownloaderDownloadRepos" name="test_download_repos_empty_url" time="0.001" /><testcase classname="test.unittest.infrastructure.test_repo_downloader.TestRepoDownloaderDownloadRepos" name="test_download_repos_none_url" time="0.001" /><testcase classname="test.unittest.infrastructure.test_repo_downloader.TestRepoDownloaderDownloadRepos" name="test_download_repos_multiple_packages" time="0.002" /><testcase classname="test.unittest.infrastructure.test_repo_downloader.TestRepoDownloaderDownloadRepos" name="test_download_repos_custom_branch" time="0.002" /><testcase classname="test.unittest.infrastructure.test_repo_downloader.TestRepoDownloaderDownloadRepos" name="test_download_repos_unsupported_provider" time="0.001" /><testcase classname="test.unittest.infrastructure.test_repo_downloader.TestRepoDownloaderDownloadZip" name="test_download_zip_success" time="0.002" /><testcase classname="test.unittest.infrastructure.test_repo_downloader.TestRepoDownloaderDownloadZip" name="test_download_zip_timeout" time="0.001" /><testcase classname="test.unittest.infrastructure.test_repo_downloader.TestRepoDownloaderDownloadZip" name="test_download_zip_connection_error" time="0.001" /><testcase classname="test.unittest.infrastructure.test_repo_downloader.TestRepoDownloaderDownloadZip" name="test_download_zip_http_404" time="0.002" /><testcase classname="test.unittest.infrastructure.test_repo_downloader.TestRepoDownloaderDownloadZip" name="test_download_zip_http_500" time="0.001" /><testcase classname="test.unittest.infrastructure.test_repo_downloader.TestRepoDownloaderDownloadZip" name="test_download_zip_creates_output_dir" time="0.001" /><testcase classname="test.unittest.infrastructure.test_repo_downloader.TestRepoDownloaderDownloadZip" name="test_download_zip_fallback_to_master" time="0.002" /><testcase classname="test.unittest.infrastructure.test_repo_downloader.TestRepoDownloaderContextManager" name="test_context_manager_enter" time="0.000" /><testcase classname="test.unittest.infrastructure.test_repo_downloader.TestRepoDownloaderContextManager" name="test_context_manager_exit" time="0.000" /><testcase classname="test.unittest.infrastructure.test_repo_downloader.TestRepoDownloaderContextManager" name="test_context_manager_full_flow" time="0.000" /><testcase classname="test.unittest.infrastructure.test_repo_downloader.TestRepoDownloaderURLValidation" name="test_github_url_recognition" time="0.002" /><testcase classname="test.unittest.infrastructure.test_repo_downloader.TestRepoDownloaderURLValidation" name="test_gitlab_url_recognition" time="0.002" /><testcase classname="test.unittest.infrastructure.test_repo_downloader.TestRepoDownloaderURLValidation" name="test_url_with_git_suffix" time="0.002" /><testcase classname="test.unittest.infrastructure.test_repo_downloader.TestRepoDownloaderURLValidation" name="test_url_with_trailing_slash" time="0.001" /><testcase classname="test.unittest.infrastructure.test_scancode_runner.TestScanCodeRunnerRunScan" name="test_run_scan_success" time="0.002" /><testcase classname="test.unittest.infrastructure.test_scancode_runner.TestScanCodeRunnerRunScan" name="test_run_scan_extraction_fails" time="0.002" /><testcase classname="test.unittest.infrastructure.test_scancode_runner.TestScanCodeRunnerRunScan" name="test_run_scan_subprocess_fails" time="0.001" /><testcase classname="test.unittest.infrastructure.test_scancode_runner.TestScanCodeRunnerRunScan" name="test_run_scan_invalid_json_output" time="0.002" /><testcase classname="test.unittest.infrastructure.test_scancode_runner.TestScanCodeRunnerRunScan" name="test_run_scan_caching" time="0.003" /><testcase classname="test.unittest.infrastructure.test_scancode_runner.TestScanCodeRunnerRunScan" name="test_run_scan_override_cache" time="0.002" /><testcase classname="test.unittest.infrastructure.test_scancode_runner.TestScanCodeRunnerScanForLicense" name="test_scan_for_license_single_license" time="0.001" /><testcase classname="test.unittest.infrastructure.test_scancode_runner.TestScanCodeRunnerScanForLicense" name="test_scan_for_license_multiple_licenses" time="0.001" /><testcase classname="test.unittest.infrastructure.test_scancode_runner.TestScanCodeRunnerScanForLicense" name="test_scan_for_license_combined_licenses" time="0.001" /><testcase classname="test.unittest.infrastructure.test_scancode_runner.TestScanCodeRunnerScanForLicense" name="test_scan_for_license_scan_returns_none" time="0.001" /><testcase classname="test.unittest.infrastructure.test_scancode_runner.TestScanCodeRunnerScanForLicense" name="test_scan_for_license_no_tallies" time="0.001" /><testcase classname="test.unittest.infrastructure.test_scancode_runner.TestScanCodeRunnerScanForLicense" name="test_scan_for_license_empty_tallies" time="0.001" /><testcase classname="test.unittest.infrastructure.test_scancode_runner.TestScanCodeRunnerScanForLicense" name="test_scan_for_license_none_license_value" time="0.001" /><testcase classname="test.unittest.infrastructure.test_scancode_runner.TestScanCodeRunnerScanForLicense" name="test_scan_for_license_with_override_cache" time="0.001" /><testcase classname="test.unittest.infrastructure.test_scancode_runner.TestScanCodeRunnerScanForLicense" name="test_scan_for_license_normalization" time="0.001" /><testcase classname="test.unittest.infrastructure.test_scancode_runner.TestScanCodeRunnerIntegration" name="test_full_scan_workflow" time="0.002" /><testcase classname="test.unittest.infrastructure.test_scancode_runner.TestScanCodeRunnerIntegration" name="test_scan_handles_complex_licenses" time="0.002" /><testcase classname="test.unittest.infrastructure.test_scancode_runner.TestScanCodeRunnerErrorHandling" name="test_scan_handles_scancode_not_installed" time="0.002" /><testcase classname="test.unittest.infrastructure.test_scancode_runner.TestScanCodeRunnerErrorHandling" name="test_scan_handles_permission_error" time="0.001" /><testcase classname="test.unittest.infrastructure.test_scancode_runner.TestScanCodeRunnerCaching" name="test_cache_directory_creation" time="0.002" /><testcase classname="test.unittest.infrastructure.test_scancode_runner.TestScanCodeRunnerCaching" name="test_cache_invalid_json_fallback" time="0.004" /></testsuite></testsuites>
