<?xml version="1.0" encoding="utf-8"?><testsuites name="pytest tests"><testsuite name="pytest" errors="0" failures="0" skipped="0" tests="44" time="5.394" timestamp="2026-01-15T17:58:15.373854+00:00" hostname="runnervmi13qx"><testcase classname="test.unittest.analyzer.test_license_analyzer" name="test_known_licenses" time="0.001" /><testcase classname="test.unittest.analyzer.test_license_analyzer" name="test_case_insensitive" time="0.000" /><testcase classname="test.unittest.analyzer.test_license_analyzer" name="test_unknown_license" time="0.000" /><testcase classname="test.unittest.analyzer.test_license_analyzer" name="test_spdx_like" time="0.000" /><testcase classname="test.unittest.analyzer.test_license_analyzer" name="test_compare_licenses_same" time="0.023" /><testcase classname="test.unittest.analyzer.test_license_analyzer" name="test_compare_licenses_unknown" time="0.001" /><testcase classname="test.unittest.analyzer.test_license_analyzer" name="test_calculate_compatibility" time="0.000" /><testcase classname="test.unittest.analyzer.test_license_compatibility_analyzer" name="test_abstract_method" time="0.000" /><testcase classname="test.unittest.analyzer.test_license_compatibility_analyzer" name="test_calculate_license_compatibility_same_licenses" time="0.000" /><testcase classname="test.unittest.analyzer.test_license_compatibility_analyzer" name="test_calculate_license_compatibility_compatible" time="0.000" /><testcase classname="test.unittest.analyzer.test_license_compatibility_analyzer" name="test_calculate_license_compatibility_incompatible" time="0.000" /><testcase classname="test.unittest.analyzer.test_license_compatibility_analyzer" name="test_analyzer_builds" time="0.000" /><testcase classname="test.unittest.analyzer.test_license_compatibility_analyzer" name="test_init_custom_path" time="0.000" /><testcase classname="test.unittest.analyzer.test_license_compatibility_analyzer" name="test_init_custom_strategy" time="0.000" /><testcase classname="test.unittest.analyzer.test_license_compatibility_analyzer" name="test_compat_calc_strategy_property" time="0.001" /><testcase classname="test.unittest.analyzer.test_license_compatibility_analyzer" name="test_last_comparison_result_property" time="0.001" /><testcase classname="test.unittest.analyzer.test_license_compatibility_analyzer" name="test_license_matrix_property_getter_empty" time="4.884" /><testcase classname="test.unittest.analyzer.test_license_compatibility_analyzer" name="test_license_matrix_property_getter_empty_offline" time="0.001" /><testcase classname="test.unittest.analyzer.test_license_compatibility_analyzer" name="test_license_matrix_property_getter_cached" time="0.001" /><testcase classname="test.unittest.analyzer.test_license_compatibility_analyzer" name="test_license_matrix_property_setter" time="0.001" /><testcase classname="test.unittest.analyzer.test_license_compatibility_analyzer" name="test_matrix_file_present_true" time="0.001" /><testcase classname="test.unittest.analyzer.test_license_compatibility_analyzer" name="test_matrix_file_present_false" time="0.001" /><testcase classname="test.unittest.entities.test_pypi_metadata" name="test_init_valid_data" time="0.001" /><testcase classname="test.unittest.entities.test_pypi_metadata" name="test_init_empty_package_raises" time="0.000" /><testcase classname="test.unittest.entities.test_pypi_metadata" name="test_set_valid_package" time="0.000" /><testcase classname="test.unittest.entities.test_pypi_metadata" name="test_set_empty_package_raises" time="0.000" /><testcase classname="test.unittest.entities.test_pypi_metadata" name="test_set_license_type" time="0.000" /><testcase classname="test.unittest.entities.test_pypi_metadata" name="test_set_license_type_none" time="0.000" /><testcase classname="test.unittest.entities.test_pypi_metadata" name="test_set_link" time="0.000" /><testcase classname="test.unittest.entities.test_pypi_metadata" name="test_set_link_none" time="0.000" /><testcase classname="test.unittest.entities.test_pypi_metadata" name="test_repr_contains_fields" time="0.000" /><testcase classname="test.unittest.entities.test_scan_engine" name="test_protocol_cannot_be_instantiated" time="0.000" /><testcase classname="test.unittest.entities.test_scan_engine" name="test_run_scan_not_implemented" time="0.000" /><testcase classname="test.unittest.entities.test_scan_engine" name="test_scan_for_license_not_implemented" time="0.000" /><testcase classname="test.unittest.entities.test_scan_engine" name="test_valid_concrete_implementation" time="0.000" /><testcase classname="test.unittest.entities.test_scan_engine" name="test_incomplete_implementation_fails" time="0.000" /><testcase classname="test.unittest.infrastructure.test_logger_formatter" name="test_formatter_builds" time="0.001" /><testcase classname="test.unittest.infrastructure.test_logger_formatter" name="test_formatter_builds_custom_level" time="0.000" /><testcase classname="test.unittest.infrastructure.test_logger_formatter" name="test_formatter_not_builds_wrong_level" time="0.000" /><testcase classname="test.unittest.infrastructure.test_logger_formatter" name="test_formatter_not_builds_wrong_name" time="0.000" /><testcase classname="test.unittest.infrastructure.test_logger_formatter" name="test_format_debug_color" time="0.000" /><testcase classname="test.unittest.infrastructure.test_logger_formatter" name="test_format_error_color" time="0.000" /><testcase classname="test.unittest.infrastructure.test_logger_formatter" name="test_logger_has_handler" time="0.000" /><testcase classname="test.unittest.infrastructure.test_logger_formatter" name="test_logger_survives_multiple_inits" time="0.000" /></testsuite></testsuites>