<?xml version="1.0" encoding="UTF-8"?>
<testsuite name="test.unittest.analyzer.test_license_compatibility_analyzer.TestFullCompatibilityCalc-20260111181019" tests="3" file="test/unittest/analyzer/test_license_compatibility_analyzer.py" time="0.001" timestamp="2026-01-11T18:10:23" failures="0" errors="0" skipped="0">
	<testcase classname="test.unittest.analyzer.test_license_compatibility_analyzer.TestFullCompatibilityCalc" name="test_calculate_license_compatibility_compatible" time="0.000" timestamp="2026-01-11T18:10:23" file="test/unittest/analyzer/test_license_compatibility_analyzer.py" line="40">
		<!--Test calculate_license_compatibility with compatible licenses.-->
	</testcase>
	<testcase classname="test.unittest.analyzer.test_license_compatibility_analyzer.TestFullCompatibilityCalc" name="test_calculate_license_compatibility_incompatible" time="0.000" timestamp="2026-01-11T18:10:23" file="test/unittest/analyzer/test_license_compatibility_analyzer.py" line="45">
		<!--Test calculate_license_compatibility with incompatible licenses.-->
	</testcase>
	<testcase classname="test.unittest.analyzer.test_license_compatibility_analyzer.TestFullCompatibilityCalc" name="test_calculate_license_compatibility_same_licenses" time="0.000" timestamp="2026-01-11T18:10:23" file="test/unittest/analyzer/test_license_compatibility_analyzer.py" line="32">
		<!--Test calculate_license_compatibility with same licenses.-->
	</testcase>
</testsuite>
